<?xml version="1.0" encoding="UTF-8"?>
<testsuite xmlns:xsi="http://www.w3.org/2001/XMLSchema-instance" xsi:noNamespaceSchemaLocation="https://maven.apache.org/surefire/maven-surefire-plugin/xsd/surefire-test-report-3.0.xsd" version="3.0" name="userRequestTest" time="19.68" tests="8" errors="0" skipped="0" failures="0">
  <properties>
    <property name="java.specification.version" value="22"/>
    <property name="sun.jnu.encoding" value="UTF-8"/>
    <property name="java.class.path" value="/Users/muhammad.paramarta/Downloads/RestAssuredTemplate-master/target/test-classes:/Users/muhammad.paramarta/Downloads/RestAssuredTemplate-master/target/classes:/Users/muhammad.paramarta/.m2/repository/io/rest-assured/rest-assured/3.3.0/rest-assured-3.3.0.jar:/Users/muhammad.paramarta/.m2/repository/org/codehaus/groovy/groovy/2.4.15/groovy-2.4.15.jar:/Users/muhammad.paramarta/.m2/repository/org/codehaus/groovy/groovy-xml/2.4.15/groovy-xml-2.4.15.jar:/Users/muhammad.paramarta/.m2/repository/org/apache/httpcomponents/httpclient/4.5.3/httpclient-4.5.3.jar:/Users/muhammad.paramarta/.m2/repository/org/apache/httpcomponents/httpcore/4.4.6/httpcore-4.4.6.jar:/Users/muhammad.paramarta/.m2/repository/commons-logging/commons-logging/1.2/commons-logging-1.2.jar:/Users/muhammad.paramarta/.m2/repository/commons-codec/commons-codec/1.9/commons-codec-1.9.jar:/Users/muhammad.paramarta/.m2/repository/org/apache/httpcomponents/httpmime/4.5.3/httpmime-4.5.3.jar:/Users/muhammad.paramarta/.m2/repository/org/hamcrest/hamcrest-core/1.3/hamcrest-core-1.3.jar:/Users/muhammad.paramarta/.m2/repository/org/hamcrest/hamcrest-library/1.3/hamcrest-library-1.3.jar:/Users/muhammad.paramarta/.m2/repository/org/ccil/cowan/tagsoup/tagsoup/1.2.1/tagsoup-1.2.1.jar:/Users/muhammad.paramarta/.m2/repository/io/rest-assured/json-path/3.3.0/json-path-3.3.0.jar:/Users/muhammad.paramarta/.m2/repository/org/codehaus/groovy/groovy-json/2.4.15/groovy-json-2.4.15.jar:/Users/muhammad.paramarta/.m2/repository/io/rest-assured/rest-assured-common/3.3.0/rest-assured-common-3.3.0.jar:/Users/muhammad.paramarta/.m2/repository/io/rest-assured/xml-path/3.3.0/xml-path-3.3.0.jar:/Users/muhammad.paramarta/.m2/repository/org/apache/commons/commons-lang3/3.4/commons-lang3-3.4.jar:/Users/muhammad.paramarta/.m2/repository/javax/xml/bind/jaxb-api/2.2.12/jaxb-api-2.2.12.jar:/Users/muhammad.paramarta/.m2/repository/com/sun/xml/bind/jaxb-osgi/2.2.10/jaxb-osgi-2.2.10.jar:/Users/muhammad.paramarta/.m2/repository/org/apache/sling/org.apache.sling.javax.activation/0.1.0/org.apache.sling.javax.activation-0.1.0.jar:/Users/muhammad.paramarta/.m2/repository/javax/activation/activation/1.1.1/activation-1.1.1.jar:/Users/muhammad.paramarta/.m2/repository/org/testng/testng/6.13.1/testng-6.13.1.jar:/Users/muhammad.paramarta/.m2/repository/com/beust/jcommander/1.72/jcommander-1.72.jar:/Users/muhammad.paramarta/.m2/repository/io/qameta/allure/allure-rest-assured/2.21.0/allure-rest-assured-2.21.0.jar:/Users/muhammad.paramarta/.m2/repository/io/qameta/allure/allure-attachments/2.21.0/allure-attachments-2.21.0.jar:/Users/muhammad.paramarta/.m2/repository/org/freemarker/freemarker/2.3.31/freemarker-2.3.31.jar:/Users/muhammad.paramarta/.m2/repository/io/qameta/allure/allure-testng/2.21.0/allure-testng-2.21.0.jar:/Users/muhammad.paramarta/.m2/repository/io/qameta/allure/allure-java-commons/2.21.0/allure-java-commons-2.21.0.jar:/Users/muhammad.paramarta/.m2/repository/org/slf4j/slf4j-api/1.7.36/slf4j-api-1.7.36.jar:/Users/muhammad.paramarta/.m2/repository/io/qameta/allure/allure-model/2.21.0/allure-model-2.21.0.jar:/Users/muhammad.paramarta/.m2/repository/io/qameta/allure/allure-test-filter/2.21.0/allure-test-filter-2.21.0.jar:/Users/muhammad.paramarta/.m2/repository/org/aeonbits/owner/owner/1.0.8/owner-1.0.8.jar:/Users/muhammad.paramarta/.m2/repository/org/projectlombok/lombok/1.18.30/lombok-1.18.30.jar:/Users/muhammad.paramarta/.m2/repository/org/kohsuke/wordnet-random-name/1.3/wordnet-random-name-1.3.jar:/Users/muhammad.paramarta/.m2/repository/org/assertj/assertj-core/3.11.1/assertj-core-3.11.1.jar:/Users/muhammad.paramarta/.m2/repository/com/fasterxml/jackson/core/jackson-databind/2.9.4/jackson-databind-2.9.4.jar:/Users/muhammad.paramarta/.m2/repository/com/fasterxml/jackson/core/jackson-annotations/2.9.0/jackson-annotations-2.9.0.jar:/Users/muhammad.paramarta/.m2/repository/com/fasterxml/jackson/core/jackson-core/2.9.4/jackson-core-2.9.4.jar:/Users/muhammad.paramarta/.m2/repository/com/github/davidcarboni/resource-utils/1.1.2/resource-utils-1.1.2.jar:/Users/muhammad.paramarta/.m2/repository/commons-io/commons-io/2.1/commons-io-2.1.jar:"/>
    <property name="java.vm.vendor" value="Amazon.com Inc."/>
    <property name="sun.arch.data.model" value="64"/>
    <property name="java.vendor.url" value="https://aws.amazon.com/corretto/"/>
    <property name="user.timezone" value="Asia/Jakarta"/>
    <property name="os.name" value="Mac OS X"/>
    <property name="java.vm.specification.version" value="22"/>
    <property name="sun.java.launcher" value="SUN_STANDARD"/>
    <property name="user.country" value="ID"/>
    <property name="sun.boot.library.path" value="/Users/muhammad.paramarta/Library/Java/JavaVirtualMachines/corretto-22.0.2/Contents/Home/lib"/>
    <property name="sun.java.command" value="/Users/muhammad.paramarta/Downloads/RestAssuredTemplate-master/target/surefire/surefirebooter-20241012144530040_3.jar /Users/muhammad.paramarta/Downloads/RestAssuredTemplate-master/target/surefire 2024-10-12T14-45-29_879-jvmRun1 surefire-20241012144530040_1tmp surefire_0-20241012144530040_2tmp"/>
    <property name="http.nonProxyHosts" value="local|*.local|169.254/16|*.169.254/16"/>
    <property name="jdk.debug" value="release"/>
    <property name="test" value="userRequestTest"/>
    <property name="surefire.test.class.path" value="/Users/muhammad.paramarta/Downloads/RestAssuredTemplate-master/target/test-classes:/Users/muhammad.paramarta/Downloads/RestAssuredTemplate-master/target/classes:/Users/muhammad.paramarta/.m2/repository/io/rest-assured/rest-assured/3.3.0/rest-assured-3.3.0.jar:/Users/muhammad.paramarta/.m2/repository/org/codehaus/groovy/groovy/2.4.15/groovy-2.4.15.jar:/Users/muhammad.paramarta/.m2/repository/org/codehaus/groovy/groovy-xml/2.4.15/groovy-xml-2.4.15.jar:/Users/muhammad.paramarta/.m2/repository/org/apache/httpcomponents/httpclient/4.5.3/httpclient-4.5.3.jar:/Users/muhammad.paramarta/.m2/repository/org/apache/httpcomponents/httpcore/4.4.6/httpcore-4.4.6.jar:/Users/muhammad.paramarta/.m2/repository/commons-logging/commons-logging/1.2/commons-logging-1.2.jar:/Users/muhammad.paramarta/.m2/repository/commons-codec/commons-codec/1.9/commons-codec-1.9.jar:/Users/muhammad.paramarta/.m2/repository/org/apache/httpcomponents/httpmime/4.5.3/httpmime-4.5.3.jar:/Users/muhammad.paramarta/.m2/repository/org/hamcrest/hamcrest-core/1.3/hamcrest-core-1.3.jar:/Users/muhammad.paramarta/.m2/repository/org/hamcrest/hamcrest-library/1.3/hamcrest-library-1.3.jar:/Users/muhammad.paramarta/.m2/repository/org/ccil/cowan/tagsoup/tagsoup/1.2.1/tagsoup-1.2.1.jar:/Users/muhammad.paramarta/.m2/repository/io/rest-assured/json-path/3.3.0/json-path-3.3.0.jar:/Users/muhammad.paramarta/.m2/repository/org/codehaus/groovy/groovy-json/2.4.15/groovy-json-2.4.15.jar:/Users/muhammad.paramarta/.m2/repository/io/rest-assured/rest-assured-common/3.3.0/rest-assured-common-3.3.0.jar:/Users/muhammad.paramarta/.m2/repository/io/rest-assured/xml-path/3.3.0/xml-path-3.3.0.jar:/Users/muhammad.paramarta/.m2/repository/org/apache/commons/commons-lang3/3.4/commons-lang3-3.4.jar:/Users/muhammad.paramarta/.m2/repository/javax/xml/bind/jaxb-api/2.2.12/jaxb-api-2.2.12.jar:/Users/muhammad.paramarta/.m2/repository/com/sun/xml/bind/jaxb-osgi/2.2.10/jaxb-osgi-2.2.10.jar:/Users/muhammad.paramarta/.m2/repository/org/apache/sling/org.apache.sling.javax.activation/0.1.0/org.apache.sling.javax.activation-0.1.0.jar:/Users/muhammad.paramarta/.m2/repository/javax/activation/activation/1.1.1/activation-1.1.1.jar:/Users/muhammad.paramarta/.m2/repository/org/testng/testng/6.13.1/testng-6.13.1.jar:/Users/muhammad.paramarta/.m2/repository/com/beust/jcommander/1.72/jcommander-1.72.jar:/Users/muhammad.paramarta/.m2/repository/io/qameta/allure/allure-rest-assured/2.21.0/allure-rest-assured-2.21.0.jar:/Users/muhammad.paramarta/.m2/repository/io/qameta/allure/allure-attachments/2.21.0/allure-attachments-2.21.0.jar:/Users/muhammad.paramarta/.m2/repository/org/freemarker/freemarker/2.3.31/freemarker-2.3.31.jar:/Users/muhammad.paramarta/.m2/repository/io/qameta/allure/allure-testng/2.21.0/allure-testng-2.21.0.jar:/Users/muhammad.paramarta/.m2/repository/io/qameta/allure/allure-java-commons/2.21.0/allure-java-commons-2.21.0.jar:/Users/muhammad.paramarta/.m2/repository/org/slf4j/slf4j-api/1.7.36/slf4j-api-1.7.36.jar:/Users/muhammad.paramarta/.m2/repository/io/qameta/allure/allure-model/2.21.0/allure-model-2.21.0.jar:/Users/muhammad.paramarta/.m2/repository/io/qameta/allure/allure-test-filter/2.21.0/allure-test-filter-2.21.0.jar:/Users/muhammad.paramarta/.m2/repository/org/aeonbits/owner/owner/1.0.8/owner-1.0.8.jar:/Users/muhammad.paramarta/.m2/repository/org/projectlombok/lombok/1.18.30/lombok-1.18.30.jar:/Users/muhammad.paramarta/.m2/repository/org/kohsuke/wordnet-random-name/1.3/wordnet-random-name-1.3.jar:/Users/muhammad.paramarta/.m2/repository/org/assertj/assertj-core/3.11.1/assertj-core-3.11.1.jar:/Users/muhammad.paramarta/.m2/repository/com/fasterxml/jackson/core/jackson-databind/2.9.4/jackson-databind-2.9.4.jar:/Users/muhammad.paramarta/.m2/repository/com/fasterxml/jackson/core/jackson-annotations/2.9.0/jackson-annotations-2.9.0.jar:/Users/muhammad.paramarta/.m2/repository/com/fasterxml/jackson/core/jackson-core/2.9.4/jackson-core-2.9.4.jar:/Users/muhammad.paramarta/.m2/repository/com/github/davidcarboni/resource-utils/1.1.2/resource-utils-1.1.2.jar:/Users/muhammad.paramarta/.m2/repository/commons-io/commons-io/2.1/commons-io-2.1.jar:"/>
    <property name="sun.cpu.endian" value="little"/>
    <property name="user.home" value="/Users/muhammad.paramarta"/>
    <property name="user.language" value="en"/>
    <property name="java.specification.vendor" value="Oracle Corporation"/>
    <property name="java.version.date" value="2024-07-16"/>
    <property name="java.home" value="/Users/muhammad.paramarta/Library/Java/JavaVirtualMachines/corretto-22.0.2/Contents/Home"/>
    <property name="file.separator" value="/"/>
    <property name="basedir" value="/Users/muhammad.paramarta/Downloads/RestAssuredTemplate-master"/>
    <property name="java.vm.compressedOopsMode" value="Zero based"/>
    <property name="line.separator" value="&#10;"/>
    <property name="java.vm.specification.vendor" value="Oracle Corporation"/>
    <property name="java.specification.name" value="Java Platform API Specification"/>
    <property name="apple.awt.application.name" value="ForkedBooter"/>
    <property name="surefire.real.class.path" value="/Users/muhammad.paramarta/Downloads/RestAssuredTemplate-master/target/surefire/surefirebooter-20241012144530040_3.jar"/>
    <property name="sun.management.compiler" value="HotSpot 64-Bit Tiered Compilers"/>
    <property name="ftp.nonProxyHosts" value="local|*.local|169.254/16|*.169.254/16"/>
    <property name="java.runtime.version" value="22.0.2+9-FR"/>
    <property name="user.name" value="muhammad.paramarta"/>
    <property name="stdout.encoding" value="UTF-8"/>
    <property name="path.separator" value=":"/>
    <property name="os.version" value="12.6.7"/>
    <property name="java.runtime.name" value="OpenJDK Runtime Environment"/>
    <property name="file.encoding" value="UTF-8"/>
    <property name="java.vm.name" value="OpenJDK 64-Bit Server VM"/>
    <property name="java.vendor.version" value="Corretto-22.0.2.9.1"/>
    <property name="localRepository" value="/Users/muhammad.paramarta/.m2/repository"/>
    <property name="java.vendor.url.bug" value="https://github.com/corretto/corretto-22/issues/"/>
    <property name="java.io.tmpdir" value="/var/folders/js/rwq1czqj34z7x01wwg48m2xm0000gq/T/"/>
    <property name="java.version" value="22.0.2"/>
    <property name="user.dir" value="/Users/muhammad.paramarta/Downloads/RestAssuredTemplate-master"/>
    <property name="os.arch" value="x86_64"/>
    <property name="java.vm.specification.name" value="Java Virtual Machine Specification"/>
    <property name="native.encoding" value="UTF-8"/>
    <property name="java.library.path" value="/Users/muhammad.paramarta/Library/Java/Extensions:/Library/Java/Extensions:/Network/Library/Java/Extensions:/System/Library/Java/Extensions:/usr/lib/java:."/>
    <property name="java.vm.info" value="mixed mode, sharing"/>
    <property name="stderr.encoding" value="UTF-8"/>
    <property name="java.vendor" value="Amazon.com Inc."/>
    <property name="java.vm.version" value="22.0.2+9-FR"/>
    <property name="sun.io.unicode.encoding" value="UnicodeBig"/>
    <property name="socksNonProxyHosts" value="local|*.local|169.254/16|*.169.254/16"/>
    <property name="java.class.version" value="66.0"/>
  </properties>
  <testcase name="createWithArrayTest" classname="userRequestTest" time="3.569">
    <system-err><![CDATA[SLF4J: Failed to load class "org.slf4j.impl.StaticLoggerBinder".
SLF4J: Defaulting to no-operation (NOP) logger implementation
SLF4J: See http://www.slf4j.org/codes.html#StaticLoggerBinder for further details.
]]></system-err>
  </testcase>
  <testcase name="createWithListTest" classname="userRequestTest" time="1.933"/>
  <testcase name="findUserByUsernameTest" classname="userRequestTest" time="1.797"/>
  <testcase name="loginTest" classname="userRequestTest" time="3.244">
    <system-out><![CDATA[HTTP/1.1 200 OK
Date: Sat, 12 Oct 2024 07:45:40 GMT
Content-Type: application/json
Transfer-Encoding: chunked
Connection: keep-alive
Access-Control-Allow-Origin: *
Access-Control-Allow-Methods: GET, POST, DELETE, PUT
Access-Control-Allow-Headers: Content-Type, api_key, Authorization
X-Expires-After: Sat Oct 12 08:45:40 UTC 2024
X-Rate-Limit: 5000
Server: Jetty(9.2.9.v20150224)

{
    "code": 200,
    "type": "unknown",
    "message": "logged in user session:1728719140799"
}
Session ID: 1728719140799
]]></system-out>
  </testcase>
  <testcase name="updateUserTest" classname="userRequestTest" time="1.926">
    <system-out><![CDATA[HTTP/1.1 200 OK
Date: Sat, 12 Oct 2024 07:45:44 GMT
Content-Type: application/json
Transfer-Encoding: chunked
Connection: keep-alive
Access-Control-Allow-Origin: *
Access-Control-Allow-Methods: GET, POST, DELETE, PUT
Access-Control-Allow-Headers: Content-Type, api_key, Authorization
Server: Jetty(9.2.9.v20150224)

{
    "code": 200,
    "type": "unknown",
    "message": "1210"
}
]]></system-out>
  </testcase>
  <testcase name="deleteUserTest" classname="userRequestTest" time="1.885"/>
  <testcase name="createUserTest" classname="userRequestTest" time="1.941"/>
  <testcase name="logoutTest" classname="userRequestTest" time="1.958"/>
</testsuite>